#
# There is insufficient memory for the Java Runtime Environment to continue.
# Native memory allocation (mmap) failed to map 59768832 bytes for G1 virtual space
# Possible reasons:
#   The system is out of physical RAM or swap space
#   The process is running with CompressedOops enabled, and the Java Heap may be blocking the growth of the native heap
# Possible solutions:
#   Reduce memory load on the system
#   Increase physical memory or swap space
#   Check if swap backing store is full
#   Decrease Java heap size (-Xmx/-Xms)
#   Decrease number of Java threads
#   Decrease Java thread stack sizes (-Xss)
#   Set larger code cache with -XX:ReservedCodeCacheSize=
#   JVM is running with Unscaled Compressed Oops mode in which the Java heap is
#     placed in the first 4GB address space. The Java Heap base address is the
#     maximum limit for the native heap growth. Please use -XX:HeapBaseMinAddress
#     to set the Java Heap base and to place the Java Heap above 4GB virtual address.
# This output file may be truncated or incomplete.
#
#  Out of Memory Error (os_windows.cpp:3548), pid=8204, tid=12900
#
# JRE version: Java(TM) SE Runtime Environment (17.0.10+11) (build 17.0.10+11-LTS-240)
# Java VM: Java HotSpot(TM) 64-Bit Server VM (17.0.10+11-LTS-240, mixed mode, emulated-client, sharing, tiered, compressed oops, compressed class ptrs, g1 gc, windows-amd64)
# No core dump will be written. Minidumps are not enabled by default on client versions of Windows
#

---------------  S U M M A R Y ------------

Command Line: -XX:TieredStopAtLevel=1 -Dspring.output.ansi.enabled=always -Dcom.sun.management.jmxremote -Dspring.jmx.enabled=true -Dspring.liveBeansView.mbeanDomain -Dspring.application.admin.enabled=true -Dmanagement.endpoints.jmx.exposure.include=* -javaagent:C:\Program Files\JetBrains\IntelliJ IDEA 2023.3.6\lib\idea_rt.jar=65070:C:\Program Files\JetBrains\IntelliJ IDEA 2023.3.6\bin -Dfile.encoding=UTF-8 com.example.mscliente.MsClienteApplication

Host: Intel(R) Core(TM) i3-5005U CPU @ 2.00GHz, 4 cores, 7G,  Windows 10 , 64 bit Build 19041 (10.0.19041.3636)
Time: Sun Apr  7 15:04:24 2024 Hora est. Pacífico, Sudamérica elapsed time: 20.753415 seconds (0d 0h 0m 20s)

---------------  T H R E A D  ---------------

Current thread (0x000001eb4b563d80):  VMThread "VM Thread" [stack: 0x00000085ed600000,0x00000085ed700000] [id=12900]

Stack: [0x00000085ed600000,0x00000085ed700000]
Native frames: (J=compiled Java code, j=interpreted, Vv=VM code, C=native code)
V  [jvm.dll+0x677a5a]
V  [jvm.dll+0x7d8b2d]
V  [jvm.dll+0x7da48e]
V  [jvm.dll+0x7daaf3]
V  [jvm.dll+0x2455ff]
V  [jvm.dll+0x6749b9]
V  [jvm.dll+0x669382]
V  [jvm.dll+0x302e96]
V  [jvm.dll+0x30a416]
V  [jvm.dll+0x359cbe]
V  [jvm.dll+0x359eef]
V  [jvm.dll+0x2d9e88]
V  [jvm.dll+0x2d8295]
V  [jvm.dll+0x2d789c]
V  [jvm.dll+0x31b18b]
V  [jvm.dll+0x7df30b]
V  [jvm.dll+0x7e0044]
V  [jvm.dll+0x7e055d]
V  [jvm.dll+0x7e0934]
V  [jvm.dll+0x7e0a00]
V  [jvm.dll+0x78888a]
V  [jvm.dll+0x676935]
C  [ucrtbase.dll+0x21bb2]
C  [KERNEL32.DLL+0x17344]
C  [ntdll.dll+0x526b1]

VM_Operation (0x00000085ed0fd540): G1CollectForAllocation, mode: safepoint, requested by thread 0x000001eb3a189500


---------------  P R O C E S S  ---------------

Threads class SMR info:
_java_thread_list=0x000001eb93675af0, length=22, elements={
0x000001eb3a189500, 0x000001eb4b5696a0, 0x000001eb4b569f70, 0x000001eb4b57b6f0,
0x000001eb4b57bfc0, 0x000001eb4b57c890, 0x000001eb4b57f170, 0x000001eb4b57fa40,
0x000001eb4b580af0, 0x000001eb4b84ce90, 0x000001eb4b5fe410, 0x000001eb912f06b0,
0x000001eb913144e0, 0x000001eb9145c020, 0x000001eb919cb170, 0x000001eb4b7bf840,
0x000001eb923d5260, 0x000001eb923d5bc0, 0x000001eb924ee8d0, 0x000001eb924eede0,
0x000001eb924ee3c0, 0x000001eb924ef2f0
}

Java Threads: ( => current thread )
  0x000001eb3a189500 JavaThread "main" [_thread_blocked, id=10988, stack(0x00000085ed000000,0x00000085ed100000)]
  0x000001eb4b5696a0 JavaThread "Reference Handler" daemon [_thread_blocked, id=11676, stack(0x00000085ed700000,0x00000085ed800000)]
  0x000001eb4b569f70 JavaThread "Finalizer" daemon [_thread_blocked, id=13664, stack(0x00000085ed800000,0x00000085ed900000)]
  0x000001eb4b57b6f0 JavaThread "Signal Dispatcher" daemon [_thread_blocked, id=3840, stack(0x00000085ed900000,0x00000085eda00000)]
  0x000001eb4b57bfc0 JavaThread "Attach Listener" daemon [_thread_blocked, id=2428, stack(0x00000085eda00000,0x00000085edb00000)]
  0x000001eb4b57c890 JavaThread "Service Thread" daemon [_thread_blocked, id=14576, stack(0x00000085edb00000,0x00000085edc00000)]
  0x000001eb4b57f170 JavaThread "Monitor Deflation Thread" daemon [_thread_blocked, id=10808, stack(0x00000085edc00000,0x00000085edd00000)]
  0x000001eb4b57fa40 JavaThread "C1 CompilerThread0" daemon [_thread_blocked, id=12500, stack(0x00000085edd00000,0x00000085ede00000)]
  0x000001eb4b580af0 JavaThread "Sweeper thread" daemon [_thread_blocked, id=11920, stack(0x00000085ede00000,0x00000085edf00000)]
  0x000001eb4b84ce90 JavaThread "Common-Cleaner" daemon [_thread_blocked, id=2848, stack(0x00000085edf00000,0x00000085ee000000)]
  0x000001eb4b5fe410 JavaThread "C1 CompilerThread1" daemon [_thread_blocked, id=8284, stack(0x00000085ee000000,0x00000085ee100000)]
  0x000001eb912f06b0 JavaThread "Monitor Ctrl-Break" daemon [_thread_in_native, id=4636, stack(0x00000085ee100000,0x00000085ee200000)]
  0x000001eb913144e0 JavaThread "Notification Thread" daemon [_thread_blocked, id=12864, stack(0x00000085ee200000,0x00000085ee300000)]
  0x000001eb9145c020 JavaThread "RMI TCP Accept-0" daemon [_thread_in_native, id=4364, stack(0x00000085ee700000,0x00000085ee800000)]
  0x000001eb919cb170 JavaThread "Keep-Alive-Timer" daemon [_thread_blocked, id=2632, stack(0x00000085ee900000,0x00000085eea00000)]
  0x000001eb4b7bf840 JavaThread "C1 CompilerThread2" daemon [_thread_blocked, id=14264, stack(0x00000085eec00000,0x00000085eed00000)]
  0x000001eb923d5260 JavaThread "Catalina-utility-1" [_thread_blocked, id=1056, stack(0x00000085eeb00000,0x00000085eec00000)]
  0x000001eb923d5bc0 JavaThread "Catalina-utility-2" [_thread_blocked, id=3680, stack(0x00000085eed00000,0x00000085eee00000)]
  0x000001eb924ee8d0 JavaThread "container-0" [_thread_blocked, id=7152, stack(0x00000085eee00000,0x00000085eef00000)]
  0x000001eb924eede0 JavaThread "mysql-cj-abandoned-connection-cleanup" daemon [_thread_blocked, id=11260, stack(0x00000085eef00000,0x00000085ef000000)]
  0x000001eb924ee3c0 JavaThread "HikariPool-1 housekeeper" daemon [_thread_blocked, id=14092, stack(0x00000085ef000000,0x00000085ef100000)]
  0x000001eb924ef2f0 JavaThread "spring.cloud.inetutils" daemon [_thread_blocked, id=9560, stack(0x00000085ef100000,0x00000085ef200000)]

Other Threads:
=>0x000001eb4b563d80 VMThread "VM Thread" [stack: 0x00000085ed600000,0x00000085ed700000] [id=12900]
  0x000001eb91466ce0 WatcherThread [stack: 0x00000085ee800000,0x00000085ee900000] [id=560]
  0x000001eb3a1e2420 GCTaskThread "GC Thread#0" [stack: 0x00000085ed100000,0x00000085ed200000] [id=4544]
  0x000001eb91389120 GCTaskThread "GC Thread#1" [stack: 0x00000085ee300000,0x00000085ee400000] [id=13132]
  0x000001eb913995b0 GCTaskThread "GC Thread#2" [stack: 0x00000085ee400000,0x00000085ee500000] [id=5876]
  0x000001eb91399870 GCTaskThread "GC Thread#3" [stack: 0x00000085ee500000,0x00000085ee600000] [id=10428]
  0x000001eb3a1f36d0 ConcurrentGCThread "G1 Main Marker" [stack: 0x00000085ed200000,0x00000085ed300000] [id=13444]
  0x000001eb3a1f3ff0 ConcurrentGCThread "G1 Conc#0" [stack: 0x00000085ed300000,0x00000085ed400000] [id=11660]
  0x000001eb4b410090 ConcurrentGCThread "G1 Refine#0" [stack: 0x00000085ed400000,0x00000085ed500000] [id=14632]
  0x000001eb9138e4e0 ConcurrentGCThread "G1 Refine#1" [stack: 0x00000085ee600000,0x00000085ee700000] [id=14580]
  0x000001eb4b4119e0 ConcurrentGCThread "G1 Service" [stack: 0x00000085ed500000,0x00000085ed600000] [id=13080]

Threads with active compile tasks:

VM state: at safepoint (normal execution)

VM Mutex/Monitor currently owned by a thread:  ([mutex/lock_event])
[0x000001eb3a1857b0] Threads_lock - owner thread: 0x000001eb4b563d80
[0x000001eb3a1852a0] Heap_lock - owner thread: 0x000001eb3a189500

Heap address: 0x0000000085e00000, size: 1954 MB, Compressed Oops mode: 32-bit

CDS archive(s) mapped at: [0x000001eb4c000000-0x000001eb4cbd0000-0x000001eb4cbd0000), size 12386304, SharedBaseAddress: 0x000001eb4c000000, ArchiveRelocationMode: 1.
Compressed class space mapped at: 0x000001eb4d000000-0x000001eb8d000000, reserved size: 1073741824
Narrow klass base: 0x000001eb4c000000, Narrow klass shift: 0, Narrow klass range: 0x100000000

GC Precious Log:
 CPUs: 4 total, 4 available
 Memory: 7815M
 Large Page Support: Disabled
 NUMA Support: Disabled
 Compressed Oops: Enabled (32-bit)
 Heap Region Size: 1M
 Heap Min Capacity: 8M
 Heap Initial Capacity: 124M
 Heap Max Capacity: 1954M
 Pre-touch: Disabled
 Parallel Workers: 4
 Concurrent Workers: 1
 Concurrent Refinement Workers: 4
 Periodic GC: Disabled

Heap:
 garbage-first heap   total 161792K, used 94285K [0x0000000085e00000, 0x0000000100000000)
  region size 1024K, 6 young (6144K), 6 survivors (6144K)
 Metaspace       used 69312K, committed 69888K, reserved 1114112K
  class space    used 9982K, committed 10240K, reserved 1048576K

Heap Regions: E=young(eden), S=young(survivor), O=old, HS=humongous(starts), HC=humongous(continues), CS=collection set, F=free, OA=open archive, CA=closed archive, TAMS=top-at-mark-start (previous, next)
|   0|0x0000000085e00000, 0x0000000085f00000, 0x0000000085f00000|100%|HS|  |TAMS 0x0000000085f00000, 0x0000000085f00000| Complete 
|   1|0x0000000085f00000, 0x0000000086000000, 0x0000000086000000|100%| O|  |TAMS 0x0000000086000000, 0x0000000086000000| Untracked 
|   2|0x0000000086000000, 0x0000000086100000, 0x0000000086100000|100%| O|  |TAMS 0x0000000086100000, 0x0000000086100000| Untracked 
|   3|0x0000000086100000, 0x0000000086200000, 0x0000000086200000|100%| O|  |TAMS 0x0000000086200000, 0x0000000086200000| Untracked 
|   4|0x0000000086200000, 0x0000000086300000, 0x0000000086300000|100%| O|  |TAMS 0x0000000086300000, 0x0000000086300000| Untracked 
|   5|0x0000000086300000, 0x0000000086400000, 0x0000000086400000|100%| O|  |TAMS 0x0000000086400000, 0x0000000086400000| Untracked 
|   6|0x0000000086400000, 0x0000000086500000, 0x0000000086500000|100%| O|  |TAMS 0x0000000086500000, 0x0000000086500000| Untracked 
|   7|0x0000000086500000, 0x0000000086600000, 0x0000000086600000|100%| O|  |TAMS 0x0000000086600000, 0x0000000086600000| Untracked 
|   8|0x0000000086600000, 0x0000000086693600, 0x0000000086700000| 57%| O|  |TAMS 0x0000000086693600, 0x0000000086693600| Untracked 
|   9|0x0000000086700000, 0x0000000086800000, 0x0000000086800000|100%| O|  |TAMS 0x0000000086800000, 0x0000000086800000| Untracked 
|  10|0x0000000086800000, 0x0000000086900000, 0x0000000086900000|100%| O|  |TAMS 0x0000000086900000, 0x0000000086900000| Untracked 
|  11|0x0000000086900000, 0x0000000086a00000, 0x0000000086a00000|100%| O|  |TAMS 0x0000000086a00000, 0x0000000086a00000| Untracked 
|  12|0x0000000086a00000, 0x0000000086b00000, 0x0000000086b00000|100%| O|  |TAMS 0x0000000086b00000, 0x0000000086b00000| Untracked 
|  13|0x0000000086b00000, 0x0000000086c00000, 0x0000000086c00000|100%| O|  |TAMS 0x0000000086c00000, 0x0000000086c00000| Untracked 
|  14|0x0000000086c00000, 0x0000000086d00000, 0x0000000086d00000|100%| O|  |TAMS 0x0000000086d00000, 0x0000000086d00000| Untracked 
|  15|0x0000000086d00000, 0x0000000086e00000, 0x0000000086e00000|100%| O|  |TAMS 0x0000000086e00000, 0x0000000086e00000| Untracked 
|  16|0x0000000086e00000, 0x0000000086f00000, 0x0000000086f00000|100%| O|  |TAMS 0x0000000086f00000, 0x0000000086f00000| Untracked 
|  17|0x0000000086f00000, 0x0000000087000000, 0x0000000087000000|100%| O|  |TAMS 0x0000000087000000, 0x0000000087000000| Untracked 
|  18|0x0000000087000000, 0x0000000087100000, 0x0000000087100000|100%| O|  |TAMS 0x0000000087100000, 0x0000000087100000| Untracked 
|  19|0x0000000087100000, 0x0000000087200000, 0x0000000087200000|100%| O|  |TAMS 0x0000000087200000, 0x0000000087200000| Untracked 
|  20|0x0000000087200000, 0x0000000087300000, 0x0000000087300000|100%| O|  |TAMS 0x0000000087300000, 0x0000000087300000| Untracked 
|  21|0x0000000087300000, 0x0000000087400000, 0x0000000087400000|100%| O|  |TAMS 0x0000000087400000, 0x0000000087400000| Untracked 
|  22|0x0000000087400000, 0x0000000087500000, 0x0000000087500000|100%| O|  |TAMS 0x0000000087500000, 0x0000000087500000| Untracked 
|  23|0x0000000087500000, 0x0000000087600000, 0x0000000087600000|100%| O|  |TAMS 0x0000000087600000, 0x0000000087600000| Untracked 
|  24|0x0000000087600000, 0x0000000087700000, 0x0000000087700000|100%| O|  |TAMS 0x0000000087700000, 0x0000000087700000| Untracked 
|  25|0x0000000087700000, 0x0000000087800000, 0x0000000087800000|100%| O|  |TAMS 0x0000000087800000, 0x0000000087800000| Untracked 
|  26|0x0000000087800000, 0x0000000087900000, 0x0000000087900000|100%| O|  |TAMS 0x0000000087900000, 0x0000000087900000| Untracked 
|  27|0x0000000087900000, 0x0000000087a00000, 0x0000000087a00000|100%| O|  |TAMS 0x0000000087a00000, 0x0000000087a00000| Untracked 
|  28|0x0000000087a00000, 0x0000000087b00000, 0x0000000087b00000|100%| O|  |TAMS 0x0000000087b00000, 0x0000000087b00000| Untracked 
|  29|0x0000000087b00000, 0x0000000087c00000, 0x0000000087c00000|100%| O|  |TAMS 0x0000000087c00000, 0x0000000087c00000| Untracked 
|  30|0x0000000087c00000, 0x0000000087d00000, 0x0000000087d00000|100%| O|  |TAMS 0x0000000087c0f800, 0x0000000087d00000| Untracked 
|  31|0x0000000087d00000, 0x0000000087e00000, 0x0000000087e00000|100%| O|  |TAMS 0x0000000087d00000, 0x0000000087e00000| Untracked 
|  32|0x0000000087e00000, 0x0000000087f00000, 0x0000000087f00000|100%| O|  |TAMS 0x0000000087e00000, 0x0000000087f00000| Untracked 
|  33|0x0000000087f00000, 0x0000000088000000, 0x0000000088000000|100%| O|  |TAMS 0x0000000087f00000, 0x0000000088000000| Untracked 
|  34|0x0000000088000000, 0x0000000088100000, 0x0000000088100000|100%| O|  |TAMS 0x0000000088000000, 0x0000000088100000| Untracked 
|  35|0x0000000088100000, 0x0000000088200000, 0x0000000088200000|100%| O|  |TAMS 0x0000000088100000, 0x0000000088200000| Untracked 
|  36|0x0000000088200000, 0x0000000088300000, 0x0000000088300000|100%| O|  |TAMS 0x0000000088200000, 0x0000000088300000| Untracked 
|  37|0x0000000088300000, 0x0000000088400000, 0x0000000088400000|100%| O|  |TAMS 0x0000000088300000, 0x0000000088400000| Untracked 
|  38|0x0000000088400000, 0x0000000088500000, 0x0000000088500000|100%| O|  |TAMS 0x0000000088400000, 0x0000000088400000| Untracked 
|  39|0x0000000088500000, 0x0000000088600000, 0x0000000088600000|100%| O|  |TAMS 0x0000000088500000, 0x0000000088500000| Untracked 
|  40|0x0000000088600000, 0x0000000088700000, 0x0000000088700000|100%| O|  |TAMS 0x0000000088600000, 0x0000000088700000| Untracked 
|  41|0x0000000088700000, 0x0000000088800000, 0x0000000088800000|100%| O|  |TAMS 0x0000000088700000, 0x0000000088800000| Untracked 
|  42|0x0000000088800000, 0x0000000088900000, 0x0000000088900000|100%| O|  |TAMS 0x0000000088800000, 0x0000000088900000| Untracked 
|  43|0x0000000088900000, 0x0000000088a00000, 0x0000000088a00000|100%| O|  |TAMS 0x0000000088900000, 0x0000000088a00000| Untracked 
|  44|0x0000000088a00000, 0x0000000088b00000, 0x0000000088b00000|100%| O|  |TAMS 0x0000000088a00000, 0x0000000088b00000| Untracked 
|  45|0x0000000088b00000, 0x0000000088c00000, 0x0000000088c00000|100%| O|  |TAMS 0x0000000088b00000, 0x0000000088c00000| Untracked 
|  46|0x0000000088c00000, 0x0000000088d00000, 0x0000000088d00000|100%| O|  |TAMS 0x0000000088c00000, 0x0000000088d00000| Untracked 
|  47|0x0000000088d00000, 0x0000000088e00000, 0x0000000088e00000|100%| O|  |TAMS 0x0000000088d00000, 0x0000000088e00000| Untracked 
|  48|0x0000000088e00000, 0x0000000088f00000, 0x0000000088f00000|100%| O|  |TAMS 0x0000000088e00000, 0x0000000088f00000| Untracked 
|  49|0x0000000088f00000, 0x0000000089000000, 0x0000000089000000|100%| O|  |TAMS 0x0000000088f00000, 0x0000000089000000| Untracked 
|  50|0x0000000089000000, 0x0000000089100000, 0x0000000089100000|100%| O|  |TAMS 0x0000000089000000, 0x0000000089100000| Untracked 
|  51|0x0000000089100000, 0x0000000089200000, 0x0000000089200000|100%| O|  |TAMS 0x0000000089100000, 0x0000000089200000| Untracked 
|  52|0x0000000089200000, 0x0000000089300000, 0x0000000089300000|100%| O|  |TAMS 0x0000000089200000, 0x0000000089300000| Untracked 
|  53|0x0000000089300000, 0x0000000089400000, 0x0000000089400000|100%| O|  |TAMS 0x0000000089300000, 0x0000000089400000| Untracked 
|  54|0x0000000089400000, 0x0000000089500000, 0x0000000089500000|100%| O|  |TAMS 0x0000000089400000, 0x0000000089500000| Untracked 
|  55|0x0000000089500000, 0x0000000089600000, 0x0000000089600000|100%| O|  |TAMS 0x0000000089500000, 0x0000000089600000| Untracked 
|  56|0x0000000089600000, 0x0000000089700000, 0x0000000089700000|100%| O|  |TAMS 0x0000000089600000, 0x0000000089700000| Untracked 
|  57|0x0000000089700000, 0x0000000089800000, 0x0000000089800000|100%| O|  |TAMS 0x0000000089700000, 0x0000000089800000| Untracked 
|  58|0x0000000089800000, 0x0000000089900000, 0x0000000089900000|100%| O|  |TAMS 0x0000000089800000, 0x0000000089900000| Untracked 
|  59|0x0000000089900000, 0x0000000089a00000, 0x0000000089a00000|100%| O|  |TAMS 0x0000000089900000, 0x0000000089a00000| Untracked 
|  60|0x0000000089a00000, 0x0000000089b00000, 0x0000000089b00000|100%| O|  |TAMS 0x0000000089a00000, 0x0000000089b00000| Untracked 
|  61|0x0000000089b00000, 0x0000000089c00000, 0x0000000089c00000|100%| O|  |TAMS 0x0000000089b00000, 0x0000000089c00000| Untracked 
|  62|0x0000000089c00000, 0x0000000089d00000, 0x0000000089d00000|100%| O|  |TAMS 0x0000000089c00000, 0x0000000089d00000| Untracked 
|  63|0x0000000089d00000, 0x0000000089e00000, 0x0000000089e00000|100%| O|  |TAMS 0x0000000089d00000, 0x0000000089e00000| Untracked 
|  64|0x0000000089e00000, 0x0000000089f00000, 0x0000000089f00000|100%| O|  |TAMS 0x0000000089e00000, 0x0000000089f00000| Untracked 
|  65|0x0000000089f00000, 0x000000008a000000, 0x000000008a000000|100%| O|  |TAMS 0x0000000089f00000, 0x000000008a000000| Untracked 
|  66|0x000000008a000000, 0x000000008a100000, 0x000000008a100000|100%| O|  |TAMS 0x000000008a000000, 0x000000008a100000| Untracked 
|  67|0x000000008a100000, 0x000000008a200000, 0x000000008a200000|100%| O|  |TAMS 0x000000008a100000, 0x000000008a200000| Untracked 
|  68|0x000000008a200000, 0x000000008a300000, 0x000000008a300000|100%| O|  |TAMS 0x000000008a200000, 0x000000008a300000| Untracked 
|  69|0x000000008a300000, 0x000000008a400000, 0x000000008a400000|100%| O|  |TAMS 0x000000008a300000, 0x000000008a400000| Untracked 
|  70|0x000000008a400000, 0x000000008a500000, 0x000000008a500000|100%| O|  |TAMS 0x000000008a400000, 0x000000008a500000| Untracked 
|  71|0x000000008a500000, 0x000000008a600000, 0x000000008a600000|100%| O|  |TAMS 0x000000008a500000, 0x000000008a600000| Untracked 
|  72|0x000000008a600000, 0x000000008a700000, 0x000000008a700000|100%| O|  |TAMS 0x000000008a600000, 0x000000008a700000| Untracked 
|  73|0x000000008a700000, 0x000000008a800000, 0x000000008a800000|100%| O|  |TAMS 0x000000008a700000, 0x000000008a800000| Untracked 
|  74|0x000000008a800000, 0x000000008a900000, 0x000000008a900000|100%| O|  |TAMS 0x000000008a800000, 0x000000008a900000| Untracked 
|  75|0x000000008a900000, 0x000000008aa00000, 0x000000008aa00000|100%| O|  |TAMS 0x000000008a900000, 0x000000008aa00000| Untracked 
|  76|0x000000008aa00000, 0x000000008ab00000, 0x000000008ab00000|100%| O|  |TAMS 0x000000008aa00000, 0x000000008ab00000| Untracked 
|  77|0x000000008ab00000, 0x000000008ac00000, 0x000000008ac00000|100%| O|  |TAMS 0x000000008ab00000, 0x000000008ac00000| Untracked 
|  78|0x000000008ac00000, 0x000000008ad00000, 0x000000008ad00000|100%| O|  |TAMS 0x000000008ac00000, 0x000000008ad00000| Untracked 
|  79|0x000000008ad00000, 0x000000008ae00000, 0x000000008ae00000|100%| O|  |TAMS 0x000000008ad00000, 0x000000008ad00000| Untracked 
|  80|0x000000008ae00000, 0x000000008af00000, 0x000000008af00000|100%| O|  |TAMS 0x000000008ae00000, 0x000000008ae00000| Untracked 
|  81|0x000000008af00000, 0x000000008b000000, 0x000000008b000000|100%| O|  |TAMS 0x000000008af00000, 0x000000008af00000| Untracked 
|  82|0x000000008b000000, 0x000000008b100000, 0x000000008b100000|100%| O|  |TAMS 0x000000008b000000, 0x000000008b000000| Untracked 
|  83|0x000000008b100000, 0x000000008b200000, 0x000000008b200000|100%| O|  |TAMS 0x000000008b100000, 0x000000008b100000| Untracked 
|  84|0x000000008b200000, 0x000000008b300000, 0x000000008b300000|100%| O|  |TAMS 0x000000008b200000, 0x000000008b200000| Untracked 
|  85|0x000000008b300000, 0x000000008b400000, 0x000000008b400000|100%| O|  |TAMS 0x000000008b300000, 0x000000008b300000| Untracked 
|  86|0x000000008b400000, 0x000000008b480000, 0x000000008b500000| 50%| O|  |TAMS 0x000000008b400000, 0x000000008b400000| Untracked 
|  87|0x000000008b500000, 0x000000008b500000, 0x000000008b600000|  0%| F|  |TAMS 0x000000008b500000, 0x000000008b500000| Untracked 
|  88|0x000000008b600000, 0x000000008b600000, 0x000000008b700000|  0%| F|  |TAMS 0x000000008b600000, 0x000000008b600000| Untracked 
|  89|0x000000008b700000, 0x000000008b700000, 0x000000008b800000|  0%| F|  |TAMS 0x000000008b700000, 0x000000008b700000| Untracked 
|  90|0x000000008b800000, 0x000000008b800000, 0x000000008b900000|  0%| F|  |TAMS 0x000000008b800000, 0x000000008b800000| Untracked 
|  91|0x000000008b900000, 0x000000008b900000, 0x000000008ba00000|  0%| F|  |TAMS 0x000000008b900000, 0x000000008b900000| Untracked 
|  92|0x000000008ba00000, 0x000000008ba00000, 0x000000008bb00000|  0%| F|  |TAMS 0x000000008ba00000, 0x000000008ba00000| Untracked 
|  93|0x000000008bb00000, 0x000000008bb00000, 0x000000008bc00000|  0%| F|  |TAMS 0x000000008bb00000, 0x000000008bb00000| Untracked 
|  94|0x000000008bc00000, 0x000000008bc00000, 0x000000008bd00000|  0%| F|  |TAMS 0x000000008bc00000, 0x000000008bc00000| Untracked 
|  95|0x000000008bd00000, 0x000000008bd00000, 0x000000008be00000|  0%| F|  |TAMS 0x000000008bd00000, 0x000000008bd00000| Untracked 
|  96|0x000000008be00000, 0x000000008be00000, 0x000000008bf00000|  0%| F|  |TAMS 0x000000008be00000, 0x000000008be00000| Untracked 
|  97|0x000000008bf00000, 0x000000008bf00000, 0x000000008c000000|  0%| F|  |TAMS 0x000000008bf00000, 0x000000008bf00000| Untracked 
|  98|0x000000008c000000, 0x000000008c000000, 0x000000008c100000|  0%| F|  |TAMS 0x000000008c000000, 0x000000008c000000| Untracked 
|  99|0x000000008c100000, 0x000000008c100000, 0x000000008c200000|  0%| F|  |TAMS 0x000000008c100000, 0x000000008c100000| Untracked 
| 100|0x000000008c200000, 0x000000008c200000, 0x000000008c300000|  0%| F|  |TAMS 0x000000008c200000, 0x000000008c200000| Untracked 
| 101|0x000000008c300000, 0x000000008c300000, 0x000000008c400000|  0%| F|  |TAMS 0x000000008c300000, 0x000000008c300000| Untracked 
| 102|0x000000008c400000, 0x000000008c400000, 0x000000008c500000|  0%| F|  |TAMS 0x000000008c400000, 0x000000008c400000| Untracked 
| 103|0x000000008c500000, 0x000000008c500000, 0x000000008c600000|  0%| F|  |TAMS 0x000000008c500000, 0x000000008c500000| Untracked 
| 104|0x000000008c600000, 0x000000008c600000, 0x000000008c700000|  0%| F|  |TAMS 0x000000008c600000, 0x000000008c600000| Untracked 
| 105|0x000000008c700000, 0x000000008c700000, 0x000000008c800000|  0%| F|  |TAMS 0x000000008c700000, 0x000000008c700000| Untracked 
| 106|0x000000008c800000, 0x000000008c800000, 0x000000008c900000|  0%| F|  |TAMS 0x000000008c800000, 0x000000008c800000| Untracked 
| 107|0x000000008c900000, 0x000000008c900000, 0x000000008ca00000|  0%| F|  |TAMS 0x000000008c900000, 0x000000008c900000| Untracked 
| 108|0x000000008ca00000, 0x000000008ca00000, 0x000000008cb00000|  0%| F|  |TAMS 0x000000008ca00000, 0x000000008ca00000| Untracked 
| 109|0x000000008cb00000, 0x000000008cb00000, 0x000000008cc00000|  0%| F|  |TAMS 0x000000008cb00000, 0x000000008cb00000| Untracked 
| 110|0x000000008cc00000, 0x000000008cc00000, 0x000000008cd00000|  0%| F|  |TAMS 0x000000008cc00000, 0x000000008cc00000| Untracked 
| 111|0x000000008cd00000, 0x000000008cd00000, 0x000000008ce00000|  0%| F|  |TAMS 0x000000008cd00000, 0x000000008cd00000| Untracked 
| 112|0x000000008ce00000, 0x000000008ce00000, 0x000000008cf00000|  0%| F|  |TAMS 0x000000008ce00000, 0x000000008ce00000| Untracked 
| 113|0x000000008cf00000, 0x000000008cf00000, 0x000000008d000000|  0%| F|  |TAMS 0x000000008cf00000, 0x000000008cf00000| Untracked 
| 114|0x000000008d000000, 0x000000008d000000, 0x000000008d100000|  0%| F|  |TAMS 0x000000008d000000, 0x000000008d000000| Untracked 
| 115|0x000000008d100000, 0x000000008d200000, 0x000000008d200000|100%| S|CS|TAMS 0x000000008d100000, 0x000000008d100000| Complete 
| 116|0x000000008d200000, 0x000000008d300000, 0x000000008d300000|100%| S|CS|TAMS 0x000000008d200000, 0x000000008d200000| Complete 
| 117|0x000000008d300000, 0x000000008d400000, 0x000000008d400000|100%| S|CS|TAMS 0x000000008d300000, 0x000000008d300000| Complete 
| 118|0x000000008d400000, 0x000000008d500000, 0x000000008d500000|100%| S|CS|TAMS 0x000000008d400000, 0x000000008d400000| Complete 
| 119|0x000000008d500000, 0x000000008d600000, 0x000000008d600000|100%| S|CS|TAMS 0x000000008d500000, 0x000000008d500000| Complete 
| 120|0x000000008d600000, 0x000000008d700000, 0x000000008d700000|100%| S|CS|TAMS 0x000000008d600000, 0x000000008d600000| Complete 
| 121|0x000000008d700000, 0x000000008d700000, 0x000000008d800000|  0%| F|  |TAMS 0x000000008d700000, 0x000000008d700000| Untracked 
| 122|0x000000008d800000, 0x000000008d800000, 0x000000008d900000|  0%| F|  |TAMS 0x000000008d800000, 0x000000008d800000| Untracked 
| 123|0x000000008d900000, 0x000000008d900000, 0x000000008da00000|  0%| F|  |TAMS 0x000000008d900000, 0x000000008d900000| Untracked 
| 124|0x000000008da00000, 0x000000008da00000, 0x000000008db00000|  0%| F|  |TAMS 0x000000008da00000, 0x000000008da00000| Untracked 
| 125|0x000000008db00000, 0x000000008db00000, 0x000000008dc00000|  0%| F|  |TAMS 0x000000008db00000, 0x000000008db00000| Untracked 
| 126|0x000000008dc00000, 0x000000008dc00000, 0x000000008dd00000|  0%| F|  |TAMS 0x000000008dc00000, 0x000000008dc00000| Untracked 
| 127|0x000000008dd00000, 0x000000008dd00000, 0x000000008de00000|  0%| F|  |TAMS 0x000000008dd00000, 0x000000008dd00000| Untracked 
| 128|0x000000008de00000, 0x000000008de00000, 0x000000008df00000|  0%| F|  |TAMS 0x000000008de00000, 0x000000008de00000| Untracked 
| 129|0x000000008df00000, 0x000000008df00000, 0x000000008e000000|  0%| F|  |TAMS 0x000000008df00000, 0x000000008df00000| Untracked 
| 130|0x000000008e000000, 0x000000008e000000, 0x000000008e100000|  0%| F|  |TAMS 0x000000008e000000, 0x000000008e000000| Untracked 
| 131|0x000000008e100000, 0x000000008e100000, 0x000000008e200000|  0%| F|  |TAMS 0x000000008e100000, 0x000000008e100000| Untracked 
| 132|0x000000008e200000, 0x000000008e200000, 0x000000008e300000|  0%| F|  |TAMS 0x000000008e200000, 0x000000008e200000| Untracked 
| 133|0x000000008e300000, 0x000000008e300000, 0x000000008e400000|  0%| F|  |TAMS 0x000000008e300000, 0x000000008e300000| Untracked 
| 134|0x000000008e400000, 0x000000008e400000, 0x000000008e500000|  0%| F|  |TAMS 0x000000008e400000, 0x000000008e400000| Untracked 
| 135|0x000000008e500000, 0x000000008e500000, 0x000000008e600000|  0%| F|  |TAMS 0x000000008e500000, 0x000000008e500000| Untracked 
| 136|0x000000008e600000, 0x000000008e600000, 0x000000008e700000|  0%| F|  |TAMS 0x000000008e600000, 0x000000008e600000| Untracked 
| 137|0x000000008e700000, 0x000000008e700000, 0x000000008e800000|  0%| F|  |TAMS 0x000000008e700000, 0x000000008e700000| Untracked 
| 138|0x000000008e800000, 0x000000008e800000, 0x000000008e900000|  0%| F|  |TAMS 0x000000008e800000, 0x000000008e800000| Untracked 
| 139|0x000000008e900000, 0x000000008e900000, 0x000000008ea00000|  0%| F|  |TAMS 0x000000008e900000, 0x000000008e900000| Untracked 
| 140|0x000000008ea00000, 0x000000008ea00000, 0x000000008eb00000|  0%| F|  |TAMS 0x000000008ea00000, 0x000000008ea00000| Untracked 
| 141|0x000000008eb00000, 0x000000008eb00000, 0x000000008ec00000|  0%| F|  |TAMS 0x000000008eb00000, 0x000000008eb00000| Untracked 
| 142|0x000000008ec00000, 0x000000008ec00000, 0x000000008ed00000|  0%| F|  |TAMS 0x000000008ec00000, 0x000000008ec00000| Untracked 
| 143|0x000000008ed00000, 0x000000008ed00000, 0x000000008ee00000|  0%| F|  |TAMS 0x000000008ed00000, 0x000000008ed00000| Untracked 
| 144|0x000000008ee00000, 0x000000008ee00000, 0x000000008ef00000|  0%| F|  |TAMS 0x000000008ee00000, 0x000000008ee00000| Untracked 
| 145|0x000000008ef00000, 0x000000008ef00000, 0x000000008f000000|  0%| F|  |TAMS 0x000000008ef00000, 0x000000008ef00000| Untracked 
| 146|0x000000008f000000, 0x000000008f000000, 0x000000008f100000|  0%| F|  |TAMS 0x000000008f000000, 0x000000008f000000| Untracked 
| 147|0x000000008f100000, 0x000000008f100000, 0x000000008f200000|  0%| F|  |TAMS 0x000000008f100000, 0x000000008f100000| Untracked 
| 148|0x000000008f200000, 0x000000008f200000, 0x000000008f300000|  0%| F|  |TAMS 0x000000008f200000, 0x000000008f200000| Untracked 
| 149|0x000000008f300000, 0x000000008f300000, 0x000000008f400000|  0%| F|  |TAMS 0x000000008f300000, 0x000000008f300000| Untracked 
| 150|0x000000008f400000, 0x000000008f400000, 0x000000008f500000|  0%| F|  |TAMS 0x000000008f400000, 0x000000008f400000| Untracked 
| 151|0x000000008f500000, 0x000000008f500000, 0x000000008f600000|  0%| F|  |TAMS 0x000000008f500000, 0x000000008f500000| Untracked 
| 152|0x000000008f600000, 0x000000008f600000, 0x000000008f700000|  0%| F|  |TAMS 0x000000008f600000, 0x000000008f600000| Untracked 
| 153|0x000000008f700000, 0x000000008f700000, 0x000000008f800000|  0%| F|  |TAMS 0x000000008f700000, 0x000000008f700000| Untracked 
| 154|0x000000008f800000, 0x000000008f800000, 0x000000008f900000|  0%| F|  |TAMS 0x000000008f800000, 0x000000008f800000| Untracked 
| 155|0x000000008f900000, 0x000000008f900000, 0x000000008fa00000|  0%| F|  |TAMS 0x000000008f900000, 0x000000008f900000| Untracked 
| 156|0x000000008fa00000, 0x000000008fa00000, 0x000000008fb00000|  0%| F|  |TAMS 0x000000008fa00000, 0x000000008fa00000| Untracked 
| 157|0x000000008fb00000, 0x000000008fb00000, 0x000000008fc00000|  0%| F|  |TAMS 0x000000008fb00000, 0x000000008fb00000| Untracked 

Card table byte_map: [0x000001eb44e10000,0x000001eb451f0000] _byte_map_base: 0x000001eb449e1000

Marking Bits (Prev, Next): (CMBitMap*) 0x000001eb3a1e39a0, (CMBitMap*) 0x000001eb3a1e3960
 Prev Bits: [0x000001eb47460000, 0x000001eb492e8000)
 Next Bits: [0x000001eb455d0000, 0x000001eb47458000)

Polling page: 0x000001eb37fa0000

Metaspace:

Usage:
  Non-class:     57.94 MB used.
      Class:      9.75 MB used.
       Both:     67.69 MB used.

Virtual space:
  Non-class space:       64.00 MB reserved,      58.25 MB ( 91%) committed,  1 nodes.
      Class space:        1.00 GB reserved,      10.00 MB ( <1%) committed,  1 nodes.
             Both:        1.06 GB reserved,      68.25 MB (  6%) committed. 

Chunk freelists:
   Non-Class:  4.99 MB
       Class:  5.96 MB
        Both:  10.95 MB

MaxMetaspaceSize: unlimited
CompressedClassSpaceSize: 1.00 GB
Initial GC threshold: 21.00 MB
Current GC threshold: 110.31 MB
CDS: on
MetaspaceReclaimPolicy: balanced
 - commit_granule_bytes: 65536.
 - commit_granule_words: 8192.
 - virtual_space_node_default_size: 8388608.
 - enlarge_chunks_in_place: 1.
 - new_chunks_are_fully_committed: 0.
 - uncommit_free_chunks: 1.
 - use_allocation_guard: 0.
 - handle_deallocations: 1.


Internal statistics:

num_allocs_failed_limit: 12.
num_arena_births: 732.
num_arena_deaths: 0.
num_vsnodes_births: 2.
num_vsnodes_deaths: 0.
num_space_committed: 1092.
num_space_uncommitted: 0.
num_chunks_returned_to_freelist: 12.
num_chunks_taken_from_freelist: 3134.
num_chunk_merges: 12.
num_chunk_splits: 2317.
num_chunks_enlarged: 1848.
num_inconsistent_stats: 0.

CodeCache: size=49152Kb used=12374Kb max_used=12374Kb free=36777Kb
 bounds [0x000001eb41a30000, 0x000001eb42650000, 0x000001eb44a30000]
 total_blobs=6654 nmethods=5975 adapters=604
 compilation: enabled
              stopped_count=0, restarted_count=0
 full_count=0

Compilation events (20 events):
Event: 20.701 Thread 0x000001eb4b57fa40 5958       1       org.springframework.util.StringUtils::changeFirstCharacterCase (60 bytes)
Event: 20.702 Thread 0x000001eb4b57fa40 nmethod 5958 0x000001eb4263b510 code [0x000001eb4263b740, 0x000001eb4263bdc8]
Event: 20.703 Thread 0x000001eb4b57fa40 5959  s    1       javax.management.modelmbean.DescriptorSupport::getFieldValue (107 bytes)
Event: 20.704 Thread 0x000001eb4b57fa40 nmethod 5959 0x000001eb4263c210 code [0x000001eb4263c480, 0x000001eb4263cab8]
Event: 20.705 Thread 0x000001eb4b57fa40 5960       1       javax.management.modelmbean.DescriptorSupport::validateField (532 bytes)
Event: 20.707 Thread 0x000001eb4b57fa40 nmethod 5960 0x000001eb4263cf10 code [0x000001eb4263d2c0, 0x000001eb4263e0f8]
Event: 20.709 Thread 0x000001eb4b7bf840 5961       1       com.sun.jmx.mbeanserver.MXBeanSupport::transitiveInterfaces (64 bytes)
Event: 20.709 Thread 0x000001eb4b7bf840 nmethod 5961 0x000001eb4263e690 code [0x000001eb4263e880, 0x000001eb4263ea98]
Event: 20.709 Thread 0x000001eb4b5fe410 5962       1       javax.management.ImmutableDescriptor::makeMap (123 bytes)
Event: 20.709 Thread 0x000001eb4b57fa40 5963   !   1       com.sun.jmx.mbeanserver.Introspector::descriptorForAnnotations (242 bytes)
Event: 20.710 Thread 0x000001eb4b5fe410 nmethod 5962 0x000001eb4263ec90 code [0x000001eb4263eea0, 0x000001eb4263f3f8]
Event: 20.711 Thread 0x000001eb4b5fe410 5964       1       org.springframework.beans.factory.annotation.QualifierAnnotationAutowireCandidateResolver::checkQualifiers (199 bytes)
Event: 20.712 Thread 0x000001eb4b57fa40 nmethod 5963 0x000001eb4263f710 code [0x000001eb4263fa80, 0x000001eb42640aa8]
Event: 20.712 Thread 0x000001eb4b5fe410 nmethod 5964 0x000001eb42641790 code [0x000001eb426419e0, 0x000001eb426420e8]
Event: 20.715 Thread 0x000001eb4b7bf840 5970       1       java.lang.invoke.DirectMethodHandle::getFunction (53 bytes)
Event: 20.715 Thread 0x000001eb4b7bf840 nmethod 5970 0x000001eb42643510 code [0x000001eb426436c0, 0x000001eb426438c8]
Event: 20.720 Thread 0x000001eb4b7bf840 5974   !   1       org.springframework.beans.factory.support.ConstructorResolver::resolveAutowiredArgument (129 bytes)
Event: 20.720 Thread 0x000001eb4b57fa40 5975       1       org.springframework.beans.factory.config.DependencyDescriptor::getResolvableType (49 bytes)
Event: 20.721 Thread 0x000001eb4b57fa40 nmethod 5975 0x000001eb42644610 code [0x000001eb426447e0, 0x000001eb42644b18]
Event: 20.721 Thread 0x000001eb4b7bf840 nmethod 5974 0x000001eb42644d10 code [0x000001eb42644fa0, 0x000001eb426456e8]

GC Heap History (20 events):
Event: 13.379 GC heap after
{Heap after GC invocations=13 (full 0):
 garbage-first heap   total 70656K, used 27429K [0x0000000085e00000, 0x0000000100000000)
  region size 1024K, 2 young (2048K), 2 survivors (2048K)
 Metaspace       used 53083K, committed 53568K, reserved 1114112K
  class space    used 7437K, committed 7680K, reserved 1048576K
}
Event: 14.469 GC heap before
{Heap before GC invocations=13 (full 0):
 garbage-first heap   total 70656K, used 52005K [0x0000000085e00000, 0x0000000100000000)
  region size 1024K, 27 young (27648K), 2 survivors (2048K)
 Metaspace       used 60568K, committed 61056K, reserved 1114112K
  class space    used 8709K, committed 8960K, reserved 1048576K
}
Event: 14.475 GC heap after
{Heap after GC invocations=14 (full 0):
 garbage-first heap   total 70656K, used 28252K [0x0000000085e00000, 0x0000000100000000)
  region size 1024K, 3 young (3072K), 3 survivors (3072K)
 Metaspace       used 60568K, committed 61056K, reserved 1114112K
  class space    used 8709K, committed 8960K, reserved 1048576K
}
Event: 15.542 GC heap before
{Heap before GC invocations=15 (full 0):
 garbage-first heap   total 70656K, used 55900K [0x0000000085e00000, 0x0000000100000000)
  region size 1024K, 30 young (30720K), 3 survivors (3072K)
 Metaspace       used 63924K, committed 64448K, reserved 1114112K
  class space    used 9204K, committed 9408K, reserved 1048576K
}
Event: 15.556 GC heap after
{Heap after GC invocations=16 (full 0):
 garbage-first heap   total 70656K, used 30628K [0x0000000085e00000, 0x0000000100000000)
  region size 1024K, 4 young (4096K), 4 survivors (4096K)
 Metaspace       used 63924K, committed 64448K, reserved 1114112K
  class space    used 9204K, committed 9408K, reserved 1048576K
}
Event: 16.322 GC heap before
{Heap before GC invocations=17 (full 0):
 garbage-first heap   total 70656K, used 55204K [0x0000000085e00000, 0x0000000100000000)
  region size 1024K, 29 young (29696K), 4 survivors (4096K)
 Metaspace       used 67089K, committed 67648K, reserved 1114112K
  class space    used 9648K, committed 9920K, reserved 1048576K
}
Event: 16.335 GC heap after
{Heap after GC invocations=18 (full 0):
 garbage-first heap   total 70656K, used 32987K [0x0000000085e00000, 0x0000000100000000)
  region size 1024K, 3 young (3072K), 3 survivors (3072K)
 Metaspace       used 67089K, committed 67648K, reserved 1114112K
  class space    used 9648K, committed 9920K, reserved 1048576K
}
Event: 16.362 GC heap before
{Heap before GC invocations=18 (full 0):
 garbage-first heap   total 70656K, used 34011K [0x0000000085e00000, 0x0000000100000000)
  region size 1024K, 5 young (5120K), 3 survivors (3072K)
 Metaspace       used 67244K, committed 67776K, reserved 1114112K
  class space    used 9660K, committed 9920K, reserved 1048576K
}
Event: 16.370 GC heap after
{Heap after GC invocations=19 (full 0):
 garbage-first heap   total 70656K, used 33342K [0x0000000085e00000, 0x0000000100000000)
  region size 1024K, 1 young (1024K), 1 survivors (1024K)
 Metaspace       used 67244K, committed 67776K, reserved 1114112K
  class space    used 9660K, committed 9920K, reserved 1048576K
}
Event: 16.618 GC heap before
{Heap before GC invocations=20 (full 0):
 garbage-first heap   total 80896K, used 55870K [0x0000000085e00000, 0x0000000100000000)
  region size 1024K, 23 young (23552K), 1 survivors (1024K)
 Metaspace       used 67272K, committed 67776K, reserved 1114112K
  class space    used 9664K, committed 9920K, reserved 1048576K
}
Event: 16.638 GC heap after
{Heap after GC invocations=21 (full 0):
 garbage-first heap   total 80896K, used 37809K [0x0000000085e00000, 0x0000000100000000)
  region size 1024K, 3 young (3072K), 3 survivors (3072K)
 Metaspace       used 67272K, committed 67776K, reserved 1114112K
  class space    used 9664K, committed 9920K, reserved 1048576K
}
Event: 16.779 GC heap before
{Heap before GC invocations=21 (full 0):
 garbage-first heap   total 80896K, used 49073K [0x0000000085e00000, 0x0000000100000000)
  region size 1024K, 16 young (16384K), 3 survivors (3072K)
 Metaspace       used 67272K, committed 67776K, reserved 1114112K
  class space    used 9664K, committed 9920K, reserved 1048576K
}
Event: 16.787 GC heap after
{Heap after GC invocations=22 (full 0):
 garbage-first heap   total 161792K, used 41381K [0x0000000085e00000, 0x0000000100000000)
  region size 1024K, 4 young (4096K), 4 survivors (4096K)
 Metaspace       used 67272K, committed 67776K, reserved 1114112K
  class space    used 9664K, committed 9920K, reserved 1048576K
}
Event: 17.401 GC heap before
{Heap before GC invocations=22 (full 0):
 garbage-first heap   total 161792K, used 115109K [0x0000000085e00000, 0x0000000100000000)
  region size 1024K, 74 young (75776K), 4 survivors (4096K)
 Metaspace       used 67362K, committed 67904K, reserved 1114112K
  class space    used 9677K, committed 9984K, reserved 1048576K
}
Event: 17.434 GC heap after
{Heap after GC invocations=23 (full 0):
 garbage-first heap   total 161792K, used 60399K [0x0000000085e00000, 0x0000000100000000)
  region size 1024K, 10 young (10240K), 10 survivors (10240K)
 Metaspace       used 67362K, committed 67904K, reserved 1114112K
  class space    used 9677K, committed 9984K, reserved 1048576K
}
Event: 18.311 GC heap before
{Heap before GC invocations=23 (full 0):
 garbage-first heap   total 161792K, used 115695K [0x0000000085e00000, 0x0000000100000000)
  region size 1024K, 63 young (64512K), 10 survivors (10240K)
 Metaspace       used 67362K, committed 67904K, reserved 1114112K
  class space    used 9677K, committed 9984K, reserved 1048576K
}
Event: 18.342 GC heap after
{Heap after GC invocations=24 (full 0):
 garbage-first heap   total 161792K, used 74795K [0x0000000085e00000, 0x0000000100000000)
  region size 1024K, 8 young (8192K), 8 survivors (8192K)
 Metaspace       used 67362K, committed 67904K, reserved 1114112K
  class space    used 9677K, committed 9984K, reserved 1048576K
}
Event: 19.163 GC heap before
{Heap before GC invocations=24 (full 0):
 garbage-first heap   total 161792K, used 119851K [0x0000000085e00000, 0x0000000100000000)
  region size 1024K, 51 young (52224K), 8 survivors (8192K)
 Metaspace       used 67371K, committed 67968K, reserved 1114112K
  class space    used 9679K, committed 9984K, reserved 1048576K
}
Event: 19.183 GC heap after
{Heap after GC invocations=25 (full 0):
 garbage-first heap   total 161792K, used 85581K [0x0000000085e00000, 0x0000000100000000)
  region size 1024K, 7 young (7168K), 7 survivors (7168K)
 Metaspace       used 67371K, committed 67968K, reserved 1114112K
  class space    used 9679K, committed 9984K, reserved 1048576K
}
Event: 20.721 GC heap before
{Heap before GC invocations=25 (full 0):
 garbage-first heap   total 161792K, used 122445K [0x0000000085e00000, 0x0000000100000000)
  region size 1024K, 44 young (45056K), 7 survivors (7168K)
 Metaspace       used 69312K, committed 69888K, reserved 1114112K
  class space    used 9982K, committed 10240K, reserved 1048576K
}

Deoptimization events (6 events):
Event: 4.264 Thread 0x000001eb3a189500 DEOPT PACKING pc=0x000001eb41e6df9c sp=0x00000085ed0fe370
Event: 4.264 Thread 0x000001eb3a189500 DEOPT UNPACKING pc=0x000001eb41a82b43 sp=0x00000085ed0fd838 mode 0
Event: 14.959 Thread 0x000001eb3a189500 DEOPT PACKING pc=0x000001eb41f02ba4 sp=0x00000085ed0fca30
Event: 14.959 Thread 0x000001eb3a189500 DEOPT UNPACKING pc=0x000001eb41a82b43 sp=0x00000085ed0fbf88 mode 0
Event: 15.208 Thread 0x000001eb3a189500 DEOPT PACKING pc=0x000001eb41f54f2a sp=0x00000085ed0fe240
Event: 15.208 Thread 0x000001eb3a189500 DEOPT UNPACKING pc=0x000001eb41a82b43 sp=0x00000085ed0fd748 mode 3

Classes unloaded (0 events):
No events

Classes redefined (0 events):
No events

Internal exceptions (20 events):
Event: 18.735 Thread 0x000001eb924ef2f0 Exception <a 'sun/nio/fs/WindowsException'{0x000000008f676920}> (0x000000008f676920) 
thrown [s\open\src\hotspot\share\prims\jni.cpp, line 516]
Event: 18.735 Thread 0x000001eb924ef2f0 Exception <a 'sun/nio/fs/WindowsException'{0x000000008f676c40}> (0x000000008f676c40) 
thrown [s\open\src\hotspot\share\prims\jni.cpp, line 516]
Event: 18.735 Thread 0x000001eb924ef2f0 Exception <a 'sun/nio/fs/WindowsException'{0x000000008f677570}> (0x000000008f677570) 
thrown [s\open\src\hotspot\share\prims\jni.cpp, line 516]
Event: 18.736 Thread 0x000001eb924ef2f0 Exception <a 'sun/nio/fs/WindowsException'{0x000000008f677858}> (0x000000008f677858) 
thrown [s\open\src\hotspot\share\prims\jni.cpp, line 516]
Event: 18.736 Thread 0x000001eb924ef2f0 Exception <a 'sun/nio/fs/WindowsException'{0x000000008f678198}> (0x000000008f678198) 
thrown [s\open\src\hotspot\share\prims\jni.cpp, line 516]
Event: 18.736 Thread 0x000001eb924ef2f0 Exception <a 'sun/nio/fs/WindowsException'{0x000000008f678498}> (0x000000008f678498) 
thrown [s\open\src\hotspot\share\prims\jni.cpp, line 516]
Event: 18.736 Thread 0x000001eb924ef2f0 Exception <a 'sun/nio/fs/WindowsException'{0x000000008f678dd8}> (0x000000008f678dd8) 
thrown [s\open\src\hotspot\share\prims\jni.cpp, line 516]
Event: 18.737 Thread 0x000001eb924ef2f0 Exception <a 'sun/nio/fs/WindowsException'{0x000000008f6790c8}> (0x000000008f6790c8) 
thrown [s\open\src\hotspot\share\prims\jni.cpp, line 516]
Event: 18.737 Thread 0x000001eb924ef2f0 Exception <a 'sun/nio/fs/WindowsException'{0x000000008f679a08}> (0x000000008f679a08) 
thrown [s\open\src\hotspot\share\prims\jni.cpp, line 516]
Event: 18.737 Thread 0x000001eb924ef2f0 Exception <a 'sun/nio/fs/WindowsException'{0x000000008f679d08}> (0x000000008f679d08) 
thrown [s\open\src\hotspot\share\prims\jni.cpp, line 516]
Event: 18.737 Thread 0x000001eb924ef2f0 Exception <a 'sun/nio/fs/WindowsException'{0x000000008f67a670}> (0x000000008f67a670) 
thrown [s\open\src\hotspot\share\prims\jni.cpp, line 516]
Event: 18.737 Thread 0x000001eb924ef2f0 Exception <a 'sun/nio/fs/WindowsException'{0x000000008f67a990}> (0x000000008f67a990) 
thrown [s\open\src\hotspot\share\prims\jni.cpp, line 516]
Event: 18.738 Thread 0x000001eb924ef2f0 Exception <a 'sun/nio/fs/WindowsException'{0x000000008f67b308}> (0x000000008f67b308) 
thrown [s\open\src\hotspot\share\prims\jni.cpp, line 516]
Event: 18.738 Thread 0x000001eb924ef2f0 Exception <a 'sun/nio/fs/WindowsException'{0x000000008f67b638}> (0x000000008f67b638) 
thrown [s\open\src\hotspot\share\prims\jni.cpp, line 516]
Event: 18.739 Thread 0x000001eb924ef2f0 Exception <a 'sun/nio/fs/WindowsException'{0x000000008f67bfa0}> (0x000000008f67bfa0) 
thrown [s\open\src\hotspot\share\prims\jni.cpp, line 516]
Event: 18.739 Thread 0x000001eb924ef2f0 Exception <a 'sun/nio/fs/WindowsException'{0x000000008f67c2d0}> (0x000000008f67c2d0) 
thrown [s\open\src\hotspot\share\prims\jni.cpp, line 516]
Event: 20.713 Thread 0x000001eb3a189500 Exception <a 'java/lang/NoSuchMethodError'{0x000000008d7b8d08}: 'java.lang.Object java.lang.invoke.DirectMethodHandle$Holder.newInvokeSpecial(java.lang.Object, java.lang.Object, int, java.lang.Object, java.lang.Object)'> (0x000000008d7b8d08) 
thrown [s\open\src\hotspot\share\interpreter\linkResolver.cpp, line 759]
Event: 20.715 Thread 0x000001eb3a189500 Exception <a 'java/lang/NoSuchMethodError'{0x000000008d7c4370}: 'java.lang.Object java.lang.invoke.DirectMethodHandle$Holder.invokeSpecial(java.lang.Object, java.lang.Object, int, java.lang.Object, int, java.lang.Object)'> (0x000000008d7c4370) 
thrown [s\open\src\hotspot\share\interpreter\linkResolver.cpp, line 759]
Event: 20.715 Thread 0x000001eb3a189500 Exception <a 'java/lang/NoSuchMethodError'{0x000000008d7cc178}: 'java.lang.Object java.lang.invoke.DirectMethodHandle$Holder.newInvokeSpecial(java.lang.Object, java.lang.Object, int, java.lang.Object, int)'> (0x000000008d7cc178) 
thrown [s\open\src\hotspot\share\interpreter\linkResolver.cpp, line 759]
Event: 20.716 Thread 0x000001eb3a189500 Exception <a 'java/lang/NoSuchMethodError'{0x000000008d7d0278}: 'java.lang.Object java.lang.invoke.DirectMethodHandle$Holder.invokeSpecial(java.lang.Object, java.lang.Object, java.lang.Object, int, java.lang.Object, int)'> (0x000000008d7d0278) 
thrown [s\open\src\hotspot\share\interpreter\linkResolver.cpp, line 759]

VM Operations (20 events):
Event: 16.653 Executing VM operation: G1CollectForAllocation done
Event: 16.779 Executing VM operation: G1TryInitiateConcMark
Event: 16.787 Executing VM operation: G1TryInitiateConcMark done
Event: 16.917 Executing VM operation: HandshakeAllThreads
Event: 16.917 Executing VM operation: HandshakeAllThreads done
Event: 16.917 Executing VM operation: HandshakeAllThreads
Event: 16.917 Executing VM operation: HandshakeAllThreads done
Event: 17.401 Executing VM operation: G1CollectForAllocation
Event: 17.436 Executing VM operation: G1CollectForAllocation done
Event: 18.271 Executing VM operation: G1CollectForAllocation
Event: 18.347 Executing VM operation: G1CollectForAllocation done
Event: 19.163 Executing VM operation: G1CollectForAllocation
Event: 19.184 Executing VM operation: G1CollectForAllocation done
Event: 20.188 Executing VM operation: Cleanup
Event: 20.188 Executing VM operation: Cleanup done
Event: 20.256 Executing VM operation: HandshakeAllThreads
Event: 20.256 Executing VM operation: HandshakeAllThreads done
Event: 20.678 Executing VM operation: HandshakeAllThreads
Event: 20.678 Executing VM operation: HandshakeAllThreads done
Event: 20.721 Executing VM operation: G1CollectForAllocation

Events (20 events):
Event: 20.632 loading class java/util/concurrent/Executors$DelegatedScheduledExecutorService
Event: 20.633 loading class java/util/concurrent/Executors$DelegatedScheduledExecutorService done
Event: 20.670 loading class java/util/Hashtable$EntrySet
Event: 20.671 loading class java/util/Hashtable$EntrySet done
Event: 20.671 loading class javax/management/modelmbean/RequiredModelMBean
Event: 20.673 loading class javax/management/modelmbean/RequiredModelMBean done
Event: 20.673 loading class javax/management/modelmbean/ModelMBeanInfoSupport
Event: 20.674 loading class javax/management/modelmbean/ModelMBeanInfoSupport done
Event: 20.674 loading class javax/management/modelmbean/ModelMBeanAttributeInfo
Event: 20.675 loading class javax/management/DescriptorAccess
Event: 20.675 loading class javax/management/DescriptorAccess done
Event: 20.675 loading class javax/management/modelmbean/ModelMBeanAttributeInfo done
Event: 20.675 loading class javax/management/modelmbean/ModelMBeanConstructorInfo
Event: 20.676 loading class javax/management/modelmbean/ModelMBeanConstructorInfo done
Event: 20.676 loading class javax/management/modelmbean/ModelMBeanNotificationInfo
Event: 20.676 loading class javax/management/modelmbean/ModelMBeanNotificationInfo done
Event: 20.676 loading class javax/management/modelmbean/ModelMBeanOperationInfo
Event: 20.677 loading class javax/management/modelmbean/ModelMBeanOperationInfo done
Event: 20.677 loading class javax/management/modelmbean/DescriptorSupport
Event: 20.678 loading class javax/management/modelmbean/DescriptorSupport done


Dynamic libraries:
0x00007ff758620000 - 0x00007ff758630000 	C:\Program Files\Java\jdk-17\bin\java.exe
0x00007ff8696b0000 - 0x00007ff8698a8000 	C:\WINDOWS\SYSTEM32\ntdll.dll
0x00007ff8682e0000 - 0x00007ff86839d000 	C:\WINDOWS\System32\KERNEL32.DLL
0x00007ff867130000 - 0x00007ff867426000 	C:\WINDOWS\System32\KERNELBASE.dll
0x00007ff867480000 - 0x00007ff867580000 	C:\WINDOWS\System32\ucrtbase.dll
0x00007ff8441b0000 - 0x00007ff8441cb000 	C:\Program Files\Java\jdk-17\bin\VCRUNTIME140.dll
0x00007ff8448e0000 - 0x00007ff8448f9000 	C:\Program Files\Java\jdk-17\bin\jli.dll
0x00007ff8676e0000 - 0x00007ff867790000 	C:\WINDOWS\System32\ADVAPI32.dll
0x00007ff869230000 - 0x00007ff8692ce000 	C:\WINDOWS\System32\msvcrt.dll
0x00007ff8694f0000 - 0x00007ff869590000 	C:\WINDOWS\System32\sechost.dll
0x00007ff868fb0000 - 0x00007ff8690d5000 	C:\WINDOWS\System32\RPCRT4.dll
0x00007ff867100000 - 0x00007ff867127000 	C:\WINDOWS\System32\bcrypt.dll
0x00007ff8683b0000 - 0x00007ff86854e000 	C:\WINDOWS\System32\USER32.dll
0x00007ff866d60000 - 0x00007ff866d82000 	C:\WINDOWS\System32\win32u.dll
0x00007ff868b40000 - 0x00007ff868b6b000 	C:\WINDOWS\System32\GDI32.dll
0x00007ff866e40000 - 0x00007ff866f57000 	C:\WINDOWS\System32\gdi32full.dll
0x00007ff866f60000 - 0x00007ff866ffd000 	C:\WINDOWS\System32\msvcp_win.dll
0x00007ff857420000 - 0x00007ff8576ba000 	C:\WINDOWS\WinSxS\amd64_microsoft.windows.common-controls_6595b64144ccf1df_6.0.19041.3636_none_60b6a03d71f818d5\COMCTL32.dll
0x00007ff85acd0000 - 0x00007ff85acda000 	C:\WINDOWS\SYSTEM32\VERSION.dll
0x00007ff8694b0000 - 0x00007ff8694e2000 	C:\WINDOWS\System32\IMM32.DLL
0x00007ff84b9f0000 - 0x00007ff84b9fc000 	C:\Program Files\Java\jdk-17\bin\vcruntime140_1.dll
0x00007ff83aa10000 - 0x00007ff83aa9e000 	C:\Program Files\Java\jdk-17\bin\msvcp140.dll
0x00007ff8239f0000 - 0x00007ff8245cf000 	C:\Program Files\Java\jdk-17\bin\server\jvm.dll
0x00007ff8683a0000 - 0x00007ff8683a8000 	C:\WINDOWS\System32\PSAPI.DLL
0x00007ff850f60000 - 0x00007ff850f69000 	C:\WINDOWS\SYSTEM32\WSOCK32.dll
0x00007ff8691c0000 - 0x00007ff86922b000 	C:\WINDOWS\System32\WS2_32.dll
0x00007ff8517e0000 - 0x00007ff851807000 	C:\WINDOWS\SYSTEM32\WINMM.dll
0x00007ff8655a0000 - 0x00007ff8655b2000 	C:\WINDOWS\SYSTEM32\kernel.appcore.dll
0x00007ff84b860000 - 0x00007ff84b86a000 	C:\Program Files\Java\jdk-17\bin\jimage.dll
0x00007ff8652b0000 - 0x00007ff865494000 	C:\WINDOWS\SYSTEM32\DBGHELP.DLL
0x00007ff853110000 - 0x00007ff853144000 	C:\WINDOWS\SYSTEM32\dbgcore.DLL
0x00007ff867000000 - 0x00007ff867082000 	C:\WINDOWS\System32\bcryptPrimitives.dll
0x00007ff846400000 - 0x00007ff84640e000 	C:\Program Files\Java\jdk-17\bin\instrument.dll
0x00007ff843450000 - 0x00007ff843475000 	C:\Program Files\Java\jdk-17\bin\java.dll
0x00007ff82c920000 - 0x00007ff82c9f7000 	C:\Program Files\Java\jdk-17\bin\jsvml.dll
0x00007ff8677f0000 - 0x00007ff867f5b000 	C:\WINDOWS\System32\SHELL32.dll
0x00007ff864a40000 - 0x00007ff8651de000 	C:\WINDOWS\SYSTEM32\windows.storage.dll
0x00007ff868b80000 - 0x00007ff868ed3000 	C:\WINDOWS\System32\combase.dll
0x00007ff866790000 - 0x00007ff8667be000 	C:\WINDOWS\SYSTEM32\Wldp.dll
0x00007ff868ee0000 - 0x00007ff868fad000 	C:\WINDOWS\System32\OLEAUT32.dll
0x00007ff8692d0000 - 0x00007ff86937d000 	C:\WINDOWS\System32\SHCORE.dll
0x00007ff869610000 - 0x00007ff869665000 	C:\WINDOWS\System32\shlwapi.dll
0x00007ff866c90000 - 0x00007ff866cb5000 	C:\WINDOWS\SYSTEM32\profapi.dll
0x00007ff842d60000 - 0x00007ff842d78000 	C:\Program Files\Java\jdk-17\bin\zip.dll
0x00007ff843df0000 - 0x00007ff843e09000 	C:\Program Files\Java\jdk-17\bin\net.dll
0x00007ff85b310000 - 0x00007ff85b41a000 	C:\WINDOWS\SYSTEM32\WINHTTP.dll
0x00007ff8664f0000 - 0x00007ff86655a000 	C:\WINDOWS\system32\mswsock.dll
0x00007ff843730000 - 0x00007ff843746000 	C:\Program Files\Java\jdk-17\bin\nio.dll
0x00007ff842bc0000 - 0x00007ff842bda000 	C:\Program Files\JetBrains\IntelliJ IDEA 2023.3.6\bin\breakgen64.dll
0x00007ff8661e0000 - 0x00007ff8662ab000 	C:\WINDOWS\SYSTEM32\DNSAPI.dll
0x00007ff866190000 - 0x00007ff8661cb000 	C:\WINDOWS\SYSTEM32\IPHLPAPI.DLL
0x00007ff868b70000 - 0x00007ff868b78000 	C:\WINDOWS\System32\NSI.dll
0x00007ff854e70000 - 0x00007ff854e7a000 	C:\Windows\System32\rasadhlp.dll
0x00007ff855000000 - 0x00007ff855080000 	C:\WINDOWS\System32\fwpuclnt.dll
0x00007ff8448d0000 - 0x00007ff8448da000 	C:\Program Files\Java\jdk-17\bin\management.dll
0x00007ff844560000 - 0x00007ff84456b000 	C:\Program Files\Java\jdk-17\bin\management_ext.dll
0x00007ff8666f0000 - 0x00007ff866708000 	C:\WINDOWS\SYSTEM32\CRYPTSP.dll
0x00007ff865db0000 - 0x00007ff865de4000 	C:\WINDOWS\system32\rsaenh.dll
0x00007ff866c50000 - 0x00007ff866c7e000 	C:\WINDOWS\SYSTEM32\USERENV.dll
0x00007ff8666e0000 - 0x00007ff8666ec000 	C:\WINDOWS\SYSTEM32\CRYPTBASE.dll
0x00007ff85b5a0000 - 0x00007ff85b5b7000 	C:\WINDOWS\SYSTEM32\dhcpcsvc6.DLL
0x00007ff85c3c0000 - 0x00007ff85c3dd000 	C:\WINDOWS\SYSTEM32\dhcpcsvc.DLL
0x00007ff84ba00000 - 0x00007ff84ba17000 	C:\WINDOWS\system32\napinsp.dll
0x00007ff848480000 - 0x00007ff84849b000 	C:\WINDOWS\system32\pnrpnsp.dll
0x00007ff846a00000 - 0x00007ff846a15000 	C:\WINDOWS\system32\wshbth.dll
0x00007ff861e90000 - 0x00007ff861ead000 	C:\WINDOWS\system32\NLAapi.dll
0x00007ff847490000 - 0x00007ff8474a2000 	C:\WINDOWS\System32\winrnr.dll
0x00007ff844120000 - 0x00007ff84412e000 	C:\Program Files\Java\jdk-17\bin\sunmscapi.dll
0x00007ff867580000 - 0x00007ff8676dd000 	C:\WINDOWS\System32\CRYPT32.dll
0x00007ff866800000 - 0x00007ff866828000 	C:\WINDOWS\SYSTEM32\ncrypt.dll
0x00007ff8667c0000 - 0x00007ff8667fb000 	C:\WINDOWS\SYSTEM32\NTASN1.dll
0x00007ff848120000 - 0x00007ff848130000 	C:\Program Files\Java\jdk-17\bin\verify.dll

dbghelp: loaded successfully - version: 4.0.5 - missing functions: none
symbol engine: initialized successfully - sym options: 0x614 - pdb path: .;C:\Program Files\Java\jdk-17\bin;C:\WINDOWS\SYSTEM32;C:\WINDOWS\WinSxS\amd64_microsoft.windows.common-controls_6595b64144ccf1df_6.0.19041.3636_none_60b6a03d71f818d5;C:\Program Files\Java\jdk-17\bin\server;C:\Program Files\JetBrains\IntelliJ IDEA 2023.3.6\bin

VM Arguments:
jvm_args: -XX:TieredStopAtLevel=1 -Dspring.output.ansi.enabled=always -Dcom.sun.management.jmxremote -Dspring.jmx.enabled=true -Dspring.liveBeansView.mbeanDomain -Dspring.application.admin.enabled=true -Dmanagement.endpoints.jmx.exposure.include=* -javaagent:C:\Program Files\JetBrains\IntelliJ IDEA 2023.3.6\lib\idea_rt.jar=65070:C:\Program Files\JetBrains\IntelliJ IDEA 2023.3.6\bin -Dfile.encoding=UTF-8 
java_command: com.example.mscliente.MsClienteApplication
java_class_path (initial): D:\SEMESTRE 5\distribuidas\DAD-2024-MAYKol\ms-cliente\target\classes;C:\Users\USER\.m2\repository\org\springframework\boot\spring-boot-starter-data-jpa\3.1.3\spring-boot-starter-data-jpa-3.1.3.jar;C:\Users\USER\.m2\repository\org\springframework\boot\spring-boot-starter-aop\3.1.3\spring-boot-starter-aop-3.1.3.jar;C:\Users\USER\.m2\repository\org\springframework\spring-aop\6.0.11\spring-aop-6.0.11.jar;C:\Users\USER\.m2\repository\org\aspectj\aspectjweaver\1.9.20\aspectjweaver-1.9.20.jar;C:\Users\USER\.m2\repository\org\springframework\boot\spring-boot-starter-jdbc\3.1.3\spring-boot-starter-jdbc-3.1.3.jar;C:\Users\USER\.m2\repository\com\zaxxer\HikariCP\5.0.1\HikariCP-5.0.1.jar;C:\Users\USER\.m2\repository\org\springframework\spring-jdbc\6.0.11\spring-jdbc-6.0.11.jar;C:\Users\USER\.m2\repository\org\hibernate\orm\hibernate-core\6.2.7.Final\hibernate-core-6.2.7.Final.jar;C:\Users\USER\.m2\repository\jakarta\persistence\jakarta.persistence-api\3.1.0\jakarta.persistence-api-3.1.0.jar;C:\Users\USER\.m2\repository\jakarta\transaction\jakarta.transaction-api\2.0.1\jakarta.transaction-api-2.0.1.jar;C:\Users\USER\.m2\repository\org\jboss\logging\jboss-logging\3.5.3.Final\jboss-logging-3.5.3.Final.jar;C:\Users\USER\.m2\repository\org\hibernate\common\hibernate-commons-annotations\6.0.6.Final\hibernate-commons-annotations-6.0.6.Final.jar;C:\Users\USER\.m2\repository\io\smallrye\jandex\3.0.5\jandex-3.0.5.jar;C:\Users\USER\.m2\repository\com\fasterxml\classmate\1.5.1\classmate-1.5.1.jar;C:\Users\USER\.m2\repository\net\bytebuddy\byte-buddy\1.14.6\byte-buddy-1.14.6.jar;C:\Users\USER\.m2\repository\org\glassfish\jaxb\jaxb-runtime\4.0.3\jaxb-runtime-4.0.3.jar;C:\Users\USER\.m2\repository\org\glassfish\jaxb\jaxb-core\4.0.3\jaxb-core-4.0.3.jar;C:\Users\USER\.m2\repository\org\eclipse\angus\angus-activation\2.0.1\angus-activation-2.0.1.jar;C:\Users\USER\.m2\repository\org\glassfish\jaxb\txw2\4.0.3\txw2-4.0.3.jar;C:\Users\USER\.m2\repository\com\sun\istack\i
Launcher Type: SUN_STANDARD

[Global flags]
     intx CICompilerCount                          = 3                                         {product} {ergonomic}
     uint ConcGCThreads                            = 1                                         {product} {ergonomic}
     uint G1ConcRefinementThreads                  = 4                                         {product} {ergonomic}
   size_t G1HeapRegionSize                         = 1048576                                   {product} {ergonomic}
    uintx GCDrainStackTargetSize                   = 64                                        {product} {ergonomic}
   size_t InitialHeapSize                          = 130023424                                 {product} {ergonomic}
     bool ManagementServer                         = true                                      {product} {command line}
   size_t MarkStackSize                            = 4194304                                   {product} {ergonomic}
   size_t MaxHeapSize                              = 2048917504                                {product} {ergonomic}
   size_t MaxNewSize                               = 1228931072                                {product} {ergonomic}
   size_t MinHeapDeltaBytes                        = 1048576                                   {product} {ergonomic}
   size_t MinHeapSize                              = 8388608                                   {product} {ergonomic}
    uintx NonProfiledCodeHeapSize                  = 0                                      {pd product} {ergonomic}
     bool ProfileInterpreter                       = false                                  {pd product} {command line}
    uintx ProfiledCodeHeapSize                     = 0                                      {pd product} {ergonomic}
   size_t SoftMaxHeapSize                          = 2048917504                             {manageable} {ergonomic}
     intx TieredStopAtLevel                        = 1                                         {product} {command line}
     bool UseCompressedClassPointers               = true                           {product lp64_product} {ergonomic}
     bool UseCompressedOops                        = true                           {product lp64_product} {ergonomic}
     bool UseG1GC                                  = true                                      {product} {ergonomic}
     bool UseLargePagesIndividualAllocation        = false                                  {pd product} {ergonomic}

Logging:
Log output configuration:
 #0: stdout all=warning uptime,level,tags
 #1: stderr all=off uptime,level,tags

Environment Variables:
PATH=C:\Program Files\Common Files\Oracle\Java\javapath;C:\Program Files (x86)\Common Files\Oracle\Java\javapath;C:\WINDOWS\system32;C:\WINDOWS;C:\WINDOWS\System32\Wbem;C:\WINDOWS\System32\WindowsPowerShell\v1.0\;C:\WINDOWS\System32\OpenSSH\;C:\Program Files\Intel\WiFi\bin\;C:\Program Files\Common Files\Intel\WirelessCommon\;C:\Program Files\dotnet\;C:\Program Files\Git\cmd;C:\Program Files\nodejs\;C:\laragon\bin\php\php-8.1.10-Win32-vs16-x64;C:\composer;C:\Users\USER\AppData\Local\Microsoft\WindowsApps;C:\Users\USER\AppData\Local\Programs\Microsoft VS Code\bin;C:\Users\USER\AppData\Roaming\npm;C:\Users\USER\AppData\Roaming\Composer\vendor\bin
USERNAME=USER
OS=Windows_NT
PROCESSOR_IDENTIFIER=Intel64 Family 6 Model 61 Stepping 4, GenuineIntel



---------------  S Y S T E M  ---------------

OS:
 Windows 10 , 64 bit Build 19041 (10.0.19041.3636)
OS uptime: 14 days 3:32 hours

CPU: total 4 (initial active 4) (2 cores per cpu, 2 threads per core) family 6 model 61 stepping 4 microcode 0x2d, cx8, cmov, fxsr, ht, mmx, 3dnowpref, sse, sse2, sse3, ssse3, sse4.1, sse4.2, popcnt, lzcnt, tsc, tscinvbit, avx, avx2, aes, erms, clmul, bmi1, bmi2, adx, fma, vzeroupper, clflush

Memory: 4k page, system-wide physical 7815M (347M free)
TotalPageFile size 12815M (AvailPageFile size 33M)
current process WorkingSet (physical memory assigned to process): 315M, peak: 315M
current process commit charge ("private bytes"): 351M, peak: 408M

vm_info: Java HotSpot(TM) 64-Bit Server VM (17.0.10+11-LTS-240) for windows-amd64 JRE (17.0.10+11-LTS-240), built on Dec 19 2023 21:47:25 by "mach5one" with MS VC++ 17.1 (VS2022)

END.
